[ec2-user@ip-192-168-10-13 ~]$ sudo ss -lntp | grep 3306
LISTEN 0      80           0.0.0.0:3306      0.0.0.0:*    users:(("mariadbd",pid=7819,fd=19))

[ec2-user@ip-192-168-10-13 ~]$ sudo mysql -e "SELECT * FROM appdb.connection_test;"
+----+-----------------+---------------------+
| id | message         | created_at          |
+----+-----------------+---------------------+
|  1 | DB bootstrap OK | 2026-07-08 08:40:37 |
|  2 | WEB -> DB OK    | 2026-07-08 08:53:27 |
|  3 | WEB -> DB OK    | 2026-07-08 09:06:49 |
|  4 | WEB -> DB OK    | 2026-07-08 09:07:02 |
|  5 | WEB -> DB OK    | 2026-07-08 09:07:03 |
|  6 | WEB -> DB OK    | 2026-07-08 09:07:03 |
|  7 | WEB -> DB OK    | 2026-07-08 09:07:03 |
|  8 | WEB -> DB OK    | 2026-07-08 09:07:03 |
|  9 | WEB -> DB OK    | 2026-07-08 09:07:03 |
| 10 | WEB -> DB OK    | 2026-07-08 09:07:04 |
| 11 | WEB -> DB OK    | 2026-07-08 09:07:46 |
| 12 | WEB -> DB OK    | 2026-07-08 09:12:10 |
| 13 | WEB -> DB OK    | 2026-07-08 09:12:14 |
+----+-----------------+---------------------+
